d3-scale: 31.77 KB (11.9%)
d3-selection: 26.71 KB (9.97%)
preact: 24.81 KB (9.26%)
redux: 22.02 KB (8.22%)
react-redux: 19.37 KB (7.23%)
d3-time-format: 16.19 KB (6.05%)
d3-color: 15.45 KB (5.77%)
d3-interpolate: 14.89 KB (5.56%)
preact-compat: 13.24 KB (4.94%)
d3-format: 11.44 KB (4.27%)
d3-time: 11.33 KB (4.23%)
proptypes: 11.14 KB (4.16%)
d3-array: 11.02 KB (4.11%)
style-loader: 6.99 KB (2.61%)
d3-axis: 5.91 KB (2.21%)
d3-collection: 5.79 KB (2.16%)
lodash: 3.5 KB (1.31%)
invariant: 1.48 KB (0.553%)
css-loader: 1.47 KB (0.549%)
hoist-non-react-statics: 1.35 KB (0.506%)
symbol-observable: 451 B (0.164%)
<self>: 11.49 KB (4.29%)
